<?xml version="1.0" encoding="UTF-8"?>
<!-- Generated by org.testng.reporters.JUnitXMLReporter -->
<testsuite hostname="DESKTOP-PO7I04F" ignored="2" name="AutomationTest" tests="4" failures="0" timestamp="2021-07-01T18:12:30 IST" time="0.061" errors="0">
  <testcase name="a_test" time="0.009" classname="com.selenium.testngExample.MultipleTestCaseExecution"/>
  <testcase name="c_test" time="0.001" classname="com.selenium.testngExample.MultipleTestCaseExecution"/>
  <testcase name="a_test" time="0.003" classname="com.selenium.testngExample.DisableTestCase"/>
  <testcase name="c_test" time="0.001" classname="com.selenium.testngExample.DisableTestCase"/>
  <testcase name="b_test" time="0.0" classname="com.selenium.testngExample.MultipleTestCaseExecution">
    <ignored/>
  </testcase> <!-- b_test -->
  <testcase name="b_test" time="0.0" classname="com.selenium.testngExample.DisableTestCase">
    <ignored/>
  </testcase> <!-- b_test -->
</testsuite> <!-- AutomationTest -->
