<?xml version="1.0" encoding="UTF-8"?>
<!-- Generated by org.testng.reporters.JUnitXMLReporter -->
<testsuite hostname="DESKTOP-PO7I04F" ignored="0" name="orangehrmlive" tests="1" failures="0" timestamp="2021-07-01T20:08:57 IST" time="0.062" errors="0">
  <testcase name="@BeforeMethod setup" time="0.008" classname="com.selenium.testng.passingparameter.PassingParameterUsingTestng">
    <failure type="java.lang.NullPointerException">
      <![CDATA[java.lang.NullPointerException
at com.selenium.testng.passingparameter.PassingParameterUsingTestng.setup(PassingParameterUsingTestng.java:32)
at java.util.ArrayList.forEach(ArrayList.java:1257)
... Removed 31 stack frames]]>
    </failure>
  </testcase> <!-- @BeforeMethod setup -->
  <testcase name="@AfterMethod tearDown" time="-1.625150337618E9" classname="com.selenium.testng.passingparameter.PassingParameterUsingTestng">
    <skipped/>
  </testcase> <!-- @AfterMethod tearDown -->
  <testcase name="Test" time="0.0" classname="com.selenium.testng.passingparameter.PassingParameterUsingTestng">
    <skipped/>
  </testcase> <!-- Test -->
</testsuite> <!-- orangehrmlive -->
