<?xml version="1.0" encoding="UTF-8"?>
<!-- Generated by org.testng.reporters.JUnitXMLReporter -->
<testsuite ignored="0" hostname="DESKTOP-AJRQH3L" failures="0" tests="2" name="FunctionalTesting" time="0.079" errors="0" timestamp="2022-07-05T12:48:35 IST">
  <testcase classname="com.selenium.testng.sequence.FunctionalTestingScenarios" name="test_A" time="0.009"/>
  <testcase classname="com.selenium.testng.sequence.FunctionalTestingScenarios" name="test_B" time="0.003"/>
</testsuite> <!-- FunctionalTesting -->
