<?xml version="1.0" encoding="UTF-8"?>
<testng-results ignored="0" total="1" passed="1" failed="0" skipped="0">
  <reporter-output>
  </reporter-output>
  <suite started-at="2022-07-07T16:52:06 IST" name="Default suite" finished-at="2022-07-07T16:52:17 IST" duration-ms="10752">
    <groups>
    </groups>
    <test started-at="2022-07-07T16:52:06 IST" name="Default test" finished-at="2022-07-07T16:52:17 IST" duration-ms="10752">
      <class name="com.selenium.selenium.expectedConditions.Demo">
        <test-method is-config="true" signature="beforeTEst()[pri:0, instance:com.selenium.selenium.expectedConditions.Demo@f736069]" started-at="2022-07-07T16:52:06 IST" name="beforeTEst" finished-at="2022-07-07T16:52:13 IST" duration-ms="6656" status="PASS">
          <reporter-output>
          </reporter-output>
        </test-method> <!-- beforeTEst -->
        <test-method signature="alertIsPresentExpectionTest()[pri:0, instance:com.selenium.selenium.expectedConditions.Demo@f736069]" started-at="2022-07-07T16:52:13 IST" name="alertIsPresentExpectionTest" finished-at="2022-07-07T16:52:16 IST" duration-ms="3122" status="PASS">
          <reporter-output>
          </reporter-output>
        </test-method> <!-- alertIsPresentExpectionTest -->
        <test-method is-config="true" signature="AftetTest()[pri:0, instance:com.selenium.selenium.expectedConditions.Demo@f736069]" started-at="2022-07-07T16:52:16 IST" name="AftetTest" finished-at="2022-07-07T16:52:17 IST" duration-ms="922" status="PASS">
          <reporter-output>
          </reporter-output>
        </test-method> <!-- AftetTest -->
      </class> <!-- com.selenium.selenium.expectedConditions.Demo -->
    </test> <!-- Default test -->
  </suite> <!-- Default suite -->
</testng-results>
